  Chapter6.c
d:\c_primer_plus\chapter6\chapter6\chapter6.c(32): warning C4018: “<=”: 有符号/无符号不匹配
d:\c_primer_plus\chapter6\chapter6\chapter6.c(87): warning C4018: “<”: 有符号/无符号不匹配
d:\c_primer_plus\chapter6\chapter6\chapter6.c(83): warning C4473: “scanf_s”: 没有为格式字符串传递足够的参数
  d:\c_primer_plus\chapter6\chapter6\chapter6.c(83): note: 占位符和其参数预计 2 可变参数，但提供的却是 1 参数
  d:\c_primer_plus\chapter6\chapter6\chapter6.c(83): note: 缺失的可变参数 2 为格式字符串“%c”所需
  d:\c_primer_plus\chapter6\chapter6\chapter6.c(83): note: 此参数用作缓冲区大小
d:\c_primer_plus\chapter6\chapter6\chapter6.c(127): warning C4018: “<”: 有符号/无符号不匹配
d:\c_primer_plus\chapter6\chapter6\chapter6.c(144): warning C4013: “memset”未定义；假设外部返回 int
d:\c_primer_plus\chapter6\chapter6\chapter6.c(154): warning C4013: “strlen”未定义；假设外部返回 int
d:\c_primer_plus\chapter6\chapter6\chapter6.c(156): warning C4018: “<”: 有符号/无符号不匹配
d:\c_primer_plus\chapter6\chapter6\chapter6.c(226): warning C4018: “<=”: 有符号/无符号不匹配
d:\c_primer_plus\chapter6\chapter6\chapter6.c(286): warning C4477: “printf”: 格式字符串“%d”需要类型“int”的参数，但可变参数 1 拥有了类型“__int64”
  d:\c_primer_plus\chapter6\chapter6\chapter6.c(286): note: 请考虑在格式字符串中使用“%lld”
  d:\c_primer_plus\chapter6\chapter6\chapter6.c(286): note: 请考虑在格式字符串中使用“%I64d”
d:\c_primer_plus\chapter6\chapter6\chapter6.c(287): warning C4477: “printf”: 格式字符串“%d”需要类型“int”的参数，但可变参数 1 拥有了类型“__int64”
  d:\c_primer_plus\chapter6\chapter6\chapter6.c(287): note: 请考虑在格式字符串中使用“%lld”
  d:\c_primer_plus\chapter6\chapter6\chapter6.c(287): note: 请考虑在格式字符串中使用“%I64d”
d:\c_primer_plus\chapter6\chapter6\chapter6.c(290): warning C4477: “scanf_s”: 格式字符串“%d”需要类型“int *”的参数，但可变参数 1 拥有了类型“__int64 *”
  d:\c_primer_plus\chapter6\chapter6\chapter6.c(290): note: 请考虑在格式字符串中使用“%lld”
  d:\c_primer_plus\chapter6\chapter6\chapter6.c(290): note: 请考虑在格式字符串中使用“%I64d”
d:\c_primer_plus\chapter6\chapter6\chapter6.c(305): warning C4244: “=”: 从“double”转换到“int”，可能丢失数据
d:\c_primer_plus\chapter6\chapter6\chapter6.c(365): warning C4473: “scanf_s”: 没有为格式字符串传递足够的参数
  d:\c_primer_plus\chapter6\chapter6\chapter6.c(365): note: 占位符和其参数预计 2 可变参数，但提供的却是 1 参数
  d:\c_primer_plus\chapter6\chapter6\chapter6.c(365): note: 缺失的可变参数 2 为格式字符串“%c”所需
  d:\c_primer_plus\chapter6\chapter6\chapter6.c(365): note: 此参数用作缓冲区大小
  Chapter6.vcxproj -> D:\C_Primer_Plus\Chapter6\Debug\Chapter6.exe
  Chapter6.vcxproj -> D:\C_Primer_Plus\Chapter6\Debug\Chapter6.pdb (Partial PDB)
