  Chapter8.c
d:\c_primer_plus\chapter8\chapter8\chapter8.c(155): warning C4473: “scanf_s”: 没有为格式字符串传递足够的参数
  d:\c_primer_plus\chapter8\chapter8\chapter8.c(155): note: 占位符和其参数预计 2 可变参数，但提供的却是 1 参数
  d:\c_primer_plus\chapter8\chapter8\chapter8.c(155): note: 缺失的可变参数 2 为格式字符串“%c”所需
  d:\c_primer_plus\chapter8\chapter8\chapter8.c(155): note: 此参数用作缓冲区大小
d:\c_primer_plus\chapter8\chapter8\chapter8.c(161): warning C4473: “scanf_s”: 没有为格式字符串传递足够的参数
  d:\c_primer_plus\chapter8\chapter8\chapter8.c(161): note: 占位符和其参数预计 2 可变参数，但提供的却是 1 参数
  d:\c_primer_plus\chapter8\chapter8\chapter8.c(161): note: 缺失的可变参数 2 为格式字符串“%c”所需
  d:\c_primer_plus\chapter8\chapter8\chapter8.c(161): note: 此参数用作缓冲区大小
d:\c_primer_plus\chapter8\chapter8\chapter8.c(175): warning C4473: “scanf_s”: 没有为格式字符串传递足够的参数
  d:\c_primer_plus\chapter8\chapter8\chapter8.c(175): note: 占位符和其参数预计 2 可变参数，但提供的却是 1 参数
  d:\c_primer_plus\chapter8\chapter8\chapter8.c(175): note: 缺失的可变参数 2 为格式字符串“%c”所需
  d:\c_primer_plus\chapter8\chapter8\chapter8.c(175): note: 此参数用作缓冲区大小
d:\c_primer_plus\chapter8\chapter8\chapter8.c(223): warning C4473: “scanf_s”: 没有为格式字符串传递足够的参数
  d:\c_primer_plus\chapter8\chapter8\chapter8.c(223): note: 占位符和其参数预计 2 可变参数，但提供的却是 1 参数
  d:\c_primer_plus\chapter8\chapter8\chapter8.c(223): note: 缺失的可变参数 2 为格式字符串“%c”所需
  d:\c_primer_plus\chapter8\chapter8\chapter8.c(223): note: 此参数用作缓冲区大小
d:\c_primer_plus\chapter8\chapter8\chapter8.c(297): warning C4473: “scanf_s”: 没有为格式字符串传递足够的参数
  d:\c_primer_plus\chapter8\chapter8\chapter8.c(297): note: 占位符和其参数预计 2 可变参数，但提供的却是 1 参数
  d:\c_primer_plus\chapter8\chapter8\chapter8.c(297): note: 缺失的可变参数 2 为格式字符串“%c”所需
  d:\c_primer_plus\chapter8\chapter8\chapter8.c(297): note: 此参数用作缓冲区大小
  Chapter8.vcxproj -> D:\C_Primer_Plus\Chapter8\Debug\Chapter8.exe
  Chapter8.vcxproj -> D:\C_Primer_Plus\Chapter8\Debug\Chapter8.pdb (Partial PDB)
